[debug] [2020-11-16T12:54:38.054Z] ----------------------------------------------------------------------
[debug] [2020-11-16T12:54:38.058Z] Command:       C:\Program Files\nodejs\node.exe C:\Users\Eduard\AppData\Roaming\npm\node_modules\firebase-tools\lib\bin\firebase.js deploy
[debug] [2020-11-16T12:54:38.059Z] CLI Version:   8.12.1
[debug] [2020-11-16T12:54:38.059Z] Platform:      win32
[debug] [2020-11-16T12:54:38.059Z] Node Version:  v10.16.3
[debug] [2020-11-16T12:54:38.061Z] Time:          Mon Nov 16 2020 13:54:38 GMT+0100 (GMT+01:00)
[debug] [2020-11-16T12:54:38.061Z] ----------------------------------------------------------------------
[debug] [2020-11-16T12:54:38.062Z] 
[debug] [2020-11-16T12:54:38.081Z] > command requires scopes: ["email","openid","https://www.googleapis.com/auth/cloudplatformprojects.readonly","https://www.googleapis.com/auth/firebase","https://www.googleapis.com/auth/cloud-platform"]
[debug] [2020-11-16T12:54:38.082Z] > authorizing via signed-in user
[debug] [2020-11-16T12:54:38.083Z] [iam] checking project filmrating-d6acc for permissions ["firebase.projects.get","firebasehosting.sites.update"]
[debug] [2020-11-16T12:54:38.089Z] >>> HTTP REQUEST POST https://cloudresourcemanager.googleapis.com/v1/projects/filmrating-d6acc:testIamPermissions  
 {"permissions":["firebase.projects.get","firebasehosting.sites.update"]}
[debug] [2020-11-16T12:54:39.026Z] <<< HTTP RESPONSE 200 {"content-type":"application/json; charset=UTF-8","vary":"X-Origin, Referer, Origin,Accept-Encoding","date":"Mon, 16 Nov 2020 12:54:40 GMT","server":"ESF","cache-control":"private","x-xss-protection":"0","x-frame-options":"SAMEORIGIN","x-content-type-options":"nosniff","server-timing":"gfet4t7; dur=697","alt-svc":"h3-Q050=\":443\"; ma=2592000,h3-29=\":443\"; ma=2592000,h3-T051=\":443\"; ma=2592000,h3-Q046=\":443\"; ma=2592000,h3-Q043=\":443\"; ma=2592000,quic=\":443\"; ma=2592000; v=\"46,43\"","accept-ranges":"none","transfer-encoding":"chunked"}
[debug] [2020-11-16T12:54:39.032Z] >>> HTTP REQUEST GET https://firebase.googleapis.com/v1beta1/projects/filmrating-d6acc  
 
[debug] [2020-11-16T12:54:39.334Z] <<< HTTP RESPONSE 200 {"content-type":"application/json; charset=UTF-8","vary":"X-Origin, Referer, Origin,Accept-Encoding","date":"Mon, 16 Nov 2020 12:54:41 GMT","server":"ESF","cache-control":"private","x-xss-protection":"0","x-frame-options":"SAMEORIGIN","x-content-type-options":"nosniff","alt-svc":"h3-Q050=\":443\"; ma=2592000,h3-29=\":443\"; ma=2592000,h3-T051=\":443\"; ma=2592000,h3-Q046=\":443\"; ma=2592000,h3-Q043=\":443\"; ma=2592000,quic=\":443\"; ma=2592000; v=\"46,43\"","accept-ranges":"none","transfer-encoding":"chunked"}
[info] 
[info] === Deploying to 'filmrating-d6acc'...
[info] 
[info] i  deploying hosting 
[debug] [2020-11-16T12:54:39.351Z] >>> HTTP REQUEST POST https://firebasehosting.googleapis.com/v1beta1/sites/filmrating-d6acc/versions  
 {"config":{"rewrites":[{"glob":"**","path":"/index.html"}]},"labels":{"deployment-tool":"cli-firebase"}}
[debug] [2020-11-16T12:54:40.838Z] <<< HTTP RESPONSE 200 {"content-type":"application/json; charset=UTF-8","vary":"X-Origin, Referer, Origin,Accept-Encoding","date":"Mon, 16 Nov 2020 12:54:42 GMT","server":"ESF","cache-control":"private","x-xss-protection":"0","x-frame-options":"SAMEORIGIN","x-content-type-options":"nosniff","alt-svc":"h3-Q050=\":443\"; ma=2592000,h3-29=\":443\"; ma=2592000,h3-T051=\":443\"; ma=2592000,h3-Q046=\":443\"; ma=2592000,h3-Q043=\":443\"; ma=2592000,quic=\":443\"; ma=2592000; v=\"46,43\"","accept-ranges":"none","transfer-encoding":"chunked"}
[info] i  hosting[filmrating-d6acc]: beginning deploy... 
[info] i  hosting[filmrating-d6acc]: found 1377 files in dist/FilmRating 
[debug] [2020-11-16T12:54:41.594Z] >>> HTTP REQUEST POST https://firebasehosting.googleapis.com/v1beta1/sites/filmrating-d6acc/versions/de7807fd99e7aed5:populateFiles  
 <request body omitted>
[debug] [2020-11-16T12:54:41.903Z] [hosting] hash cache [ZGlzdFxGaWxtUmF0aW5n] stored for 1377 files
[debug] [2020-11-16T12:54:41.904Z] [hosting][hash queue][FINAL] {"max":550,"min":0,"avg":10.725538212570168,"active":0,"complete":1377,"success":1377,"errored":0,"retried":0,"total":1377,"elapsed":569}
[debug] [2020-11-16T12:54:41.904Z] >>> HTTP REQUEST POST https://firebasehosting.googleapis.com/v1beta1/sites/filmrating-d6acc/versions/de7807fd99e7aed5:populateFiles  
 <request body omitted>
[debug] [2020-11-16T12:54:43.810Z] <<< HTTP RESPONSE 200 {"content-type":"application/json; charset=UTF-8","vary":"X-Origin, Referer, Origin,Accept-Encoding","date":"Mon, 16 Nov 2020 12:54:45 GMT","server":"ESF","cache-control":"private","x-xss-protection":"0","x-frame-options":"SAMEORIGIN","x-content-type-options":"nosniff","alt-svc":"h3-Q050=\":443\"; ma=2592000,h3-29=\":443\"; ma=2592000,h3-T051=\":443\"; ma=2592000,h3-Q046=\":443\"; ma=2592000,h3-Q043=\":443\"; ma=2592000,quic=\":443\"; ma=2592000; v=\"46,43\"","accept-ranges":"none","transfer-encoding":"chunked"}
[debug] [2020-11-16T12:54:44.454Z] <<< HTTP RESPONSE 200 {"content-type":"application/json; charset=UTF-8","vary":"X-Origin, Referer, Origin,Accept-Encoding","date":"Mon, 16 Nov 2020 12:54:46 GMT","server":"ESF","cache-control":"private","x-xss-protection":"0","x-frame-options":"SAMEORIGIN","x-content-type-options":"nosniff","alt-svc":"h3-Q050=\":443\"; ma=2592000,h3-29=\":443\"; ma=2592000,h3-T051=\":443\"; ma=2592000,h3-Q046=\":443\"; ma=2592000,h3-Q043=\":443\"; ma=2592000,quic=\":443\"; ma=2592000; v=\"46,43\"","accept-ranges":"none","transfer-encoding":"chunked"}
[debug] [2020-11-16T12:54:44.482Z] [hosting][populate queue][FINAL] {"max":2560,"min":2217,"avg":2388.5,"active":0,"complete":2,"success":2,"errored":0,"retried":0,"total":2,"elapsed":2890}
[debug] [2020-11-16T12:54:44.483Z] [hosting] uploads queued: 23
